#
# There is insufficient memory for the Java Runtime Environment to continue.
# Native memory allocation (malloc) failed to allocate 1048576 bytes for AllocateHeap
# Possible reasons:
#   The system is out of physical RAM or swap space
#   In 32 bit mode, the process size limit was hit
# Possible solutions:
#   Reduce memory load on the system
#   Increase physical memory or swap space
#   Check if swap backing store is full
#   Use 64 bit Java on a 64 bit OS
#   Decrease Java heap size (-Xmx/-Xms)
#   Decrease number of Java threads
#   Decrease Java thread stack sizes (-Xss)
#   Set larger code cache with -XX:ReservedCodeCacheSize=
# This output file may be truncated or incomplete.
#
#  Out of Memory Error (memory/allocation.inline.hpp:61), pid=34444, tid=36548
#
# JRE version:  (8.0_91-b15) (build )
# Java VM: Java HotSpot(TM) 64-Bit Server VM (25.91-b15 mixed mode windows-amd64 compressed oops)
# Failed to write core dump. Minidumps are not enabled by default on client versions of Windows
#

---------------  T H R E A D  ---------------

Current thread (0x000000000227e000):  JavaThread "Unknown thread" [_thread_in_vm, id=36548, stack(0x0000000002130000,0x0000000002230000)]

Stack: [0x0000000002130000,0x0000000002230000]
[error occurred during error reporting (printing stack bounds), id 0xc0000005]

Native frames: (J=compiled Java code, j=interpreted, Vv=VM code, C=native code)


---------------  P R O C E S S  ---------------

Java Threads: ( => current thread )

Other Threads:

=>0x000000000227e000 (exited) JavaThread "Unknown thread" [_thread_in_vm, id=36548, stack(0x0000000002130000,0x0000000002230000)]

VM state:not at safepoint (normal execution)

VM Mutex/Monitor currently owned by a thread: None

Heap:
 PSYoungGen      total 18944K, used 327K [0x00000000fd580000, 0x00000000fea80000, 0x0000000100000000)
  eden space 16384K, 2% used [0x00000000fd580000,0x00000000fd5d1ec8,0x00000000fe580000)
  from space 2560K, 0% used [0x00000000fe800000,0x00000000fe800000,0x00000000fea80000)
  to   space 2560K, 0% used [0x00000000fe580000,0x00000000fe580000,0x00000000fe800000)
 ParOldGen       total 44032K, used 0K [0x00000000f8000000, 0x00000000fab00000, 0x00000000fd580000)
  object space 44032K, 0% used [0x00000000f8000000,0x00000000f8000000,0x00000000fab00000)
 Metaspace       used 769K, capacity 4480K, committed 4480K, reserved 1056768K
  class space    used 75K, capacity 384K, committed 384K, reserved 1048576K

Card table byte_map: [0x0000000001da0000,0x0000000001df0000] byte_map_base: 0x00000000015e0000

Marking Bits: (ParMarkBitMap*) 0x0000000060b22f70
 Begin Bits: [0x0000000011bb0000, 0x0000000011db0000)
 End Bits:   [0x0000000011db0000, 0x0000000011fb0000)

Polling page: 0x0000000000310000

CodeCache: size=245760Kb used=327Kb max_used=327Kb free=245432Kb
 bounds [0x0000000002420000, 0x0000000002690000, 0x0000000011420000]
 total_blobs=56 nmethods=0 adapters=38
 compilation: enabled

Compilation events (0 events):
No events

GC Heap History (0 events):
No events

Deoptimization events (0 events):
No events

Internal exceptions (0 events):
No events

Events (10 events):
Event: 0.171 loading class java/lang/Short
Event: 0.171 loading class java/lang/Short done
Event: 0.171 loading class java/lang/Integer
Event: 0.171 loading class java/lang/Integer done
Event: 0.171 loading class java/lang/Long
Event: 0.171 loading class java/lang/Long done
Event: 0.172 loading class java/lang/NullPointerException
Event: 0.172 loading class java/lang/NullPointerException done
Event: 0.172 loading class java/lang/ArithmeticException
Event: 0.172 loading class java/lang/ArithmeticException done


Dynamic libraries:
0x000000013fc90000 - 0x000000013fcc7000 	D:\Java\jdk1.8.0_91\bin\java.exe
0x0000000077110000 - 0x00000000772b9000 	C:\Windows\SYSTEM32\ntdll.dll
0x0000000076ff0000 - 0x000000007710f000 	C:\Windows\system32\kernel32.dll
0x000007fefd380000 - 0x000007fefd3eb000 	C:\Windows\system32\KERNELBASE.dll
0x000007fefd790000 - 0x000007fefd86b000 	C:\Windows\system32\ADVAPI32.dll
0x000007fefded0000 - 0x000007fefdf6f000 	C:\Windows\system32\msvcrt.dll
0x000007fefdbb0000 - 0x000007fefdbcf000 	C:\Windows\SYSTEM32\sechost.dll
0x000007feff2f0000 - 0x000007feff41d000 	C:\Windows\system32\RPCRT4.dll
0x0000000076ef0000 - 0x0000000076fea000 	C:\Windows\system32\USER32.dll
0x000007fefd720000 - 0x000007fefd787000 	C:\Windows\system32\GDI32.dll
0x000007fefdec0000 - 0x000007fefdece000 	C:\Windows\system32\LPK.dll
0x000007fefd5b0000 - 0x000007fefd679000 	C:\Windows\system32\USP10.dll
0x000007fefba00000 - 0x000007fefbbf4000 	C:\Windows\WinSxS\amd64_microsoft.windows.common-controls_6595b64144ccf1df_6.0.7601.17514_none_fa396087175ac9ac\COMCTL32.dll
0x000007feff270000 - 0x000007feff2e1000 	C:\Windows\system32\SHLWAPI.dll
0x000007fefdbd0000 - 0x000007fefdbfe000 	C:\Windows\system32\IMM32.DLL
0x000007fefda50000 - 0x000007fefdb59000 	C:\Windows\system32\MSCTF.dll
0x0000000073180000 - 0x0000000073252000 	D:\Java\jdk1.8.0_91\jre\bin\msvcr100.dll
0x0000000060310000 - 0x0000000060ba3000 	D:\Java\jdk1.8.0_91\jre\bin\server\jvm.dll
0x000007fee9b30000 - 0x000007fee9b39000 	C:\Windows\system32\WSOCK32.dll
0x000007fefdb60000 - 0x000007fefdbad000 	C:\Windows\system32\WS2_32.dll
0x000007fefde10000 - 0x000007fefde18000 	C:\Windows\system32\NSI.dll
0x000007fefb200000 - 0x000007fefb23b000 	C:\Windows\system32\WINMM.dll
0x000007fefc1a0000 - 0x000007fefc1ac000 	C:\Windows\system32\VERSION.dll
0x00000000772e0000 - 0x00000000772e7000 	C:\Windows\system32\PSAPI.DLL
0x0000000073ca0000 - 0x0000000073caf000 	D:\Java\jdk1.8.0_91\jre\bin\verify.dll
0x00000000733f0000 - 0x0000000073419000 	D:\Java\jdk1.8.0_91\jre\bin\java.dll
0x0000000073c60000 - 0x0000000073c76000 	D:\Java\jdk1.8.0_91\jre\bin\zip.dll

VM Arguments:
jvm_args: -Xmx128M -Djava.endorsed.dirs=D:\workspace\whjd\apache-cxf-3.1.6\lib\endorsed -Djava.util.logging.config.file=D:\workspace\whjd\apache-cxf-3.1.6\etc\logging.properties 
java_command: org.apache.cxf.tools.wsdlto.WSDLToJava -d D:\\src -client http://112.26.143.18:8080/hbweb/services/hbservice?wsdl
java_class_path (initial): D:\workspace\whjd\apache-cxf-3.1.6\lib\cxf-manifest.jar;D:\Java\jdk1.8.0_91\lib\tools.jar;;.;D:\Java\jdk1.8.0_91\lib\dt.jar;D:\Java\jdk1.8.0_91\lib\tools.jar;D:\Java\jdk1.8.0_91\lib;
Launcher Type: SUN_STANDARD

Environment Variables:
JAVA_HOME=D:\Java\jdk1.8.0_91
CLASSPATH=.;D:\Java\jdk1.8.0_91\lib\dt.jar;D:\Java\jdk1.8.0_91\lib\tools.jar;D:\Java\jdk1.8.0_91\lib;
PATH=C:\ProgramData\Oracle\Java\javapath;C:\Program Files (x86)\NVIDIA Corporation\PhysX\Common;C:\Windows\system32;C:\Windows;C:\Windows\System32\Wbem;C:\Windows\System32\WindowsPowerShell\v1.0\;D:\Program Files\mysql-5.6.24-win32\bin;D:\Java\jdk1.8.0_91\bin;D:\Java\jdk1.8.0_91\jre\bin;D:\Program Files\apache-maven-3.3.9\bin;C:\Program Files (x86)\Microsoft SQL Server\100\Tools\Binn\;C:\Program Files\Microsoft SQL Server\100\Tools\Binn\;C:\Program Files\Microsoft SQL Server\100\DTS\Binn\;C:\Program Files (x86)\Microsoft SQL Server\100\Tools\Binn\VSShell\Common7\IDE\;C:\Program Files (x86)\Microsoft Visual Studio 9.0\Common7\IDE\PrivateAssemblies\;C:\Program Files (x86)\Microsoft SQL Server\100\DTS\Binn\;C:\Python27;%USERPROFILE%\.dnx\bin;C:\Program Files\Microsoft DNX\Dnvm\;C:\Program Files\Microsoft SQL Server\130\Tools\Binn\;C:\Program Files\Git\cmd;D:\workspace\whjd\apache-cxf-3.1.6/bin;
USERNAME=Zhuo
OS=Windows_NT
PROCESSOR_IDENTIFIER=Intel64 Family 6 Model 23 Stepping 10, GenuineIntel



---------------  S Y S T E M  ---------------

OS: Windows 7 , 64 bit Build 7601 (6.1.7601.18015)

CPU:total 2 (2 cores per cpu, 1 threads per core) family 6 model 23 stepping 10, cmov, cx8, fxsr, mmx, sse, sse2, sse3, ssse3, sse4.1, tsc

Memory: 4k page, physical 4126300k(635020k free), swap 8318740k(5648k free)

vm_info: Java HotSpot(TM) 64-Bit Server VM (25.91-b15) for windows-amd64 JRE (1.8.0_91-b15), built on May 20 2016 17:43:15 by "java_re" with MS VC++ 10.0 (VS2010)

time: Thu Aug 04 14:50:50 2016
elapsed time: 0 seconds (0d 0h 0m 0s)

